Using pre-set license
Built from '2022.3/staging' branch; Version is '2022.3.11f1 (d00248457e15) revision 13632072'; Using compiler version '192829333'; Build Type 'Release'
OS: 'Windows 11  (10.0.22631) 64bit CoreSingleLanguage' Language: 'en' Physical Memory: 24359 MB
BatchMode: 1, IsHumanControllingUs: 0, StartBugReporterOnCrash: 0, Is64bit: 1, IsPro: 1

COMMAND LINE ARGUMENTS:
C:\Program Files\Unity\Hub\Editor\2022.3.11f1\Editor\Unity.exe
-adb2
-batchMode
-noUpm
-name
AssetImportWorker0
-projectPath
E:/Githup Project/Hunter-Zombie/Hunter Zombie 3D
-logFile
Logs/AssetImportWorker0.log
-srvPort
1619
Successfully changed project path to: E:/Githup Project/Hunter-Zombie/Hunter Zombie 3D
E:/Githup Project/Hunter-Zombie/Hunter Zombie 3D
[UnityMemory] Configuration Parameters - Can be set up in boot.config
    "memorysetup-bucket-allocator-granularity=16"
    "memorysetup-bucket-allocator-bucket-count=8"
    "memorysetup-bucket-allocator-block-size=33554432"
    "memorysetup-bucket-allocator-block-count=8"
    "memorysetup-main-allocator-block-size=16777216"
    "memorysetup-thread-allocator-block-size=16777216"
    "memorysetup-gfx-main-allocator-block-size=16777216"
    "memorysetup-gfx-thread-allocator-block-size=16777216"
    "memorysetup-cache-allocator-block-size=4194304"
    "memorysetup-typetree-allocator-block-size=2097152"
    "memorysetup-profiler-bucket-allocator-granularity=16"
    "memorysetup-profiler-bucket-allocator-bucket-count=8"
    "memorysetup-profiler-bucket-allocator-block-size=33554432"
    "memorysetup-profiler-bucket-allocator-block-count=8"
    "memorysetup-profiler-allocator-block-size=16777216"
    "memorysetup-profiler-editor-allocator-block-size=1048576"
    "memorysetup-temp-allocator-size-main=16777216"
    "memorysetup-job-temp-allocator-block-size=2097152"
    "memorysetup-job-temp-allocator-block-size-background=1048576"
    "memorysetup-job-temp-allocator-reduction-small-platforms=262144"
    "memorysetup-allocator-temp-initial-block-size-main=262144"
    "memorysetup-allocator-temp-initial-block-size-worker=262144"
    "memorysetup-temp-allocator-size-background-worker=32768"
    "memorysetup-temp-allocator-size-job-worker=262144"
    "memorysetup-temp-allocator-size-preload-manager=33554432"
    "memorysetup-temp-allocator-size-nav-mesh-worker=65536"
    "memorysetup-temp-allocator-size-audio-worker=65536"
    "memorysetup-temp-allocator-size-cloud-worker=32768"
    "memorysetup-temp-allocator-size-gi-baking-worker=262144"
    "memorysetup-temp-allocator-size-gfx=262144"
Player connection [9760] Host "[IP] 192.168.44.2 [Port] 0 [Flags] 2 [Guid] 1524566259 [EditorId] 1524566259 [Version] 1048832 [Id] WindowsEditor(7,LAPTOP-4NICKTDT) [Debug] 1 [PackageName] WindowsEditor [ProjectName] Editor" joined multi-casting on [225.0.0.222:54997]...

Player connection [9760] Host "[IP] 192.168.44.2 [Port] 0 [Flags] 2 [Guid] 1524566259 [EditorId] 1524566259 [Version] 1048832 [Id] WindowsEditor(7,LAPTOP-4NICKTDT) [Debug] 1 [PackageName] WindowsEditor [ProjectName] Editor" joined alternative multi-casting on [225.0.0.222:34997]...

[Physics::Module] Initialized MultithreadedJobDispatcher with 7 workers.
Refreshing native plugins compatible for Editor in 34.80 ms, found 3 plugins.
Preloading 0 native plugins for Editor in 0.00 ms.
Initialize engine version: 2022.3.11f1 (d00248457e15)
[Subsystems] Discovering subsystems at path C:/Program Files/Unity/Hub/Editor/2022.3.11f1/Editor/Data/Resources/UnitySubsystems
[Subsystems] Discovering subsystems at path E:/Githup Project/Hunter-Zombie/Hunter Zombie 3D/Assets
GfxDevice: creating device client; threaded=0; jobified=0
Direct3D:
    Version:  Direct3D 11.0 [level 11.1]
    Renderer: Intel(R) Iris(R) Xe Graphics (ID=0x9a49)
    Vendor:   Intel
    VRAM:     12179 MB
    Driver:   30.0.101.1960
Initialize mono
Mono path[0] = 'C:/Program Files/Unity/Hub/Editor/2022.3.11f1/Editor/Data/Managed'
Mono path[1] = 'C:/Program Files/Unity/Hub/Editor/2022.3.11f1/Editor/Data/MonoBleedingEdge/lib/mono/unityjit-win32'
Mono config path = 'C:/Program Files/Unity/Hub/Editor/2022.3.11f1/Editor/Data/MonoBleedingEdge/etc'
Using monoOptions --debugger-agent=transport=dt_socket,embedding=1,server=y,suspend=n,address=127.0.0.1:56388
Begin MonoManager ReloadAssembly
Registering precompiled unity dll's ...
Register platform support module: C:/Program Files/Unity/Hub/Editor/2022.3.11f1/Editor/Data/PlaybackEngines/WebGLSupport/UnityEditor.WebGL.Extensions.dll
Register platform support module: C:/Program Files/Unity/Hub/Editor/2022.3.11f1/Editor/Data/PlaybackEngines/AndroidPlayer/UnityEditor.Android.Extensions.dll
Register platform support module: C:/Program Files/Unity/Hub/Editor/2022.3.11f1/Editor/Data/PlaybackEngines/WindowsStandaloneSupport/UnityEditor.WindowsStandalone.Extensions.dll
Register platform support module: C:/Program Files/Unity/Hub/Editor/2022.3.11f1/Editor/Data/PlaybackEngines/MetroSupport/UnityEditor.UWP.Extensions.dll
Registered in 0.027706 seconds.
- Loaded All Assemblies, in  1.397 seconds
Native extension for UWP target not found
Native extension for WindowsStandalone target not found
Native extension for Android target not found
Android Extension - Scanning For ADB Devices 1011 ms
Native extension for WebGL target not found
Mono: successfully reloaded assembly
- Finished resetting the current domain, in  2.430 seconds
Domain Reload Profiling: 3824ms
	BeginReloadAssembly (392ms)
		ExecutionOrderSort (0ms)
		DisableScriptedObjects (0ms)
		BackupInstance (0ms)
		ReleaseScriptingObjects (0ms)
		CreateAndSetChildDomain (2ms)
	RebuildCommonClasses (122ms)
	RebuildNativeTypeToScriptingClass (24ms)
	initialDomainReloadingComplete (224ms)
	LoadAllAssembliesAndSetupDomain (630ms)
		LoadAssemblies (389ms)
		RebuildTransferFunctionScriptingTraits (0ms)
		AnalyzeDomain (616ms)
			TypeCache.Refresh (607ms)
				TypeCache.ScanAssembly (557ms)
			ScanForSourceGeneratedMonoScriptInfo (4ms)
			ResolveRequiredComponents (3ms)
	FinalizeReload (2433ms)
		ReleaseScriptCaches (0ms)
		RebuildScriptCaches (0ms)
		SetupLoadedEditorAssemblies (2205ms)
			LogAssemblyErrors (0ms)
			InitializePlatformSupportModulesInManaged (1401ms)
			SetLoadedEditorAssemblies (12ms)
			RefreshPlugins (0ms)
			BeforeProcessingInitializeOnLoad (10ms)
			ProcessInitializeOnLoadAttributes (547ms)
			ProcessInitializeOnLoadMethodAttributes (233ms)
			AfterProcessingInitializeOnLoad (0ms)
			EditorAssembliesLoaded (1ms)
		ExecutionOrderSort2 (0ms)
		AwakeInstancesAfterBackupRestoration (0ms)
========================================================================
Worker process is ready to serve import requests
Begin MonoManager ReloadAssembly
- Loaded All Assemblies, in  0.790 seconds
Refreshing native plugins compatible for Editor in 3.48 ms, found 3 plugins.
Native extension for UWP target not found
Native extension for WindowsStandalone target not found
Native extension for Android target not found
Native extension for WebGL target not found
Package Manager log level set to [2]
[Package Manager] Server::EnsureServerProcessIsRunning -- launch failed, reason: Unity was launched with the -noUpm command-line argument
[Package Manager] UpmClient::Send -- Unable to send message (not connected to UPM process).
[Package Manager] Cannot connect to Unity Package Manager local server
Mono: successfully reloaded assembly
- Finished resetting the current domain, in  1.033 seconds
Domain Reload Profiling: 1823ms
	BeginReloadAssembly (165ms)
		ExecutionOrderSort (0ms)
		DisableScriptedObjects (5ms)
		BackupInstance (0ms)
		ReleaseScriptingObjects (0ms)
		CreateAndSetChildDomain (25ms)
	RebuildCommonClasses (40ms)
	RebuildNativeTypeToScriptingClass (18ms)
	initialDomainReloadingComplete (48ms)
	LoadAllAssembliesAndSetupDomain (517ms)
		LoadAssemblies (352ms)
		RebuildTransferFunctionScriptingTraits (0ms)
		AnalyzeDomain (263ms)
			TypeCache.Refresh (238ms)
				TypeCache.ScanAssembly (211ms)
			ScanForSourceGeneratedMonoScriptInfo (17ms)
			ResolveRequiredComponents (5ms)
	FinalizeReload (1035ms)
		ReleaseScriptCaches (0ms)
		RebuildScriptCaches (0ms)
		SetupLoadedEditorAssemblies (815ms)
			LogAssemblyErrors (0ms)
			InitializePlatformSupportModulesInManaged (40ms)
			SetLoadedEditorAssemblies (4ms)
			RefreshPlugins (0ms)
			BeforeProcessingInitializeOnLoad (87ms)
			ProcessInitializeOnLoadAttributes (631ms)
			ProcessInitializeOnLoadMethodAttributes (40ms)
			AfterProcessingInitializeOnLoad (13ms)
			EditorAssembliesLoaded (0ms)
		ExecutionOrderSort2 (0ms)
		AwakeInstancesAfterBackupRestoration (10ms)
Launched and connected shader compiler UnityShaderCompiler.exe after 0.04 seconds
Refreshing native plugins compatible for Editor in 6.97 ms, found 3 plugins.
Preloading 0 native plugins for Editor in 0.00 ms.
Unloading 3575 Unused Serialized files (Serialized files now loaded: 0)
Unloading 67 unused Assets / (2.1 MB). Loaded Objects now: 4052.
Memory consumption went from 176.5 MB to 174.4 MB.
Total: 8.379400 ms (FindLiveObjects: 0.756300 ms CreateObjectMapping: 0.468400 ms MarkObjects: 5.918300 ms  DeleteObjects: 1.233300 ms)

AssetImportParameters requested are different than current active one (requested -> active):
  custom:container-demuxer-ogg: 62fdf1f143b41e24485cea50d1cbac27 -> 
  custom:video-codec-MediaFoundation-h265: 746d11721c4dcdbdad8f713fa42b33f4 -> 
  custom:video-decoder-ogg-theora: a1e56fd34408186e4bbccfd4996cb3dc -> 
  custom:framework-win-MediaFoundation: 216162199b28c13a410421893ffa2e32 -> 
  custom:CustomObjectIndexerAttribute: 756ad292c208cfabdd7b50bc23989ffe -> 
  custom:container-demuxer-webm: 4f35f7cbe854078d1ac9338744f61a02 -> 
  custom:container-muxer-webm: aa71ff27fc2769a1b78a27578f13a17b -> 
  custom:video-decoder-webm-vp8: 9c59270c3fd7afecdb556c50c9e8de78 -> 
  custom:SearchIndexIgnoredProperties: e643bd26f0fe6173181afceb89e7c659 -> 
  custom:AudioImporter_EditorPlatform: d09bf68614088b80899f8185d706f6e7 -> 
  custom:video-encoder-webm-vp8: eb34c28f22e8b96e1ab97ce403110664 -> 
  custom:audio-decoder-ogg-vorbis: bf7c407c2cedff20999df2af8eb42d56 -> 
  custom:audio-encoder-webm-vorbis: bf7c407c2cedff20999df2af8eb42d56 -> 
========================================================================
Received Import Request.
  Time since last request: 85556.520638 seconds.
  path: Assets/Resources/Model/SciFi_Space_Soldier/Resources/Space_Soldier/Controller&Masks/Soldier_Controller_RootMotion.controller
  artifactKey: Guid(4f177d72549cddd48aad42d447007b7a) Importer(815301076,1909f56bfc062723c751e8b465ee728b)
Start importing Assets/Resources/Model/SciFi_Space_Soldier/Resources/Space_Soldier/Controller&Masks/Soldier_Controller_RootMotion.controller using Guid(4f177d72549cddd48aad42d447007b7a) Importer(815301076,1909f56bfc062723c751e8b465ee728b)  -> (artifact id: '551435ace3b457ef8820656529c9254a') in 0.060389 seconds
Number of updated asset objects reloaded before import = 0
Number of asset objects unloaded after import = 42
========================================================================
Received Import Request.
  Time since last request: 95.096663 seconds.
  path: Assets/Resources/Model/SciFi_Space_Soldier/Resources/Weapons/Rifle/Materials/M_Weapon_Rifle_A.mat
  artifactKey: Guid(5bd349b194141c243b60e9e5918d3fd6) Importer(815301076,1909f56bfc062723c751e8b465ee728b)
Start importing Assets/Resources/Model/SciFi_Space_Soldier/Resources/Weapons/Rifle/Materials/M_Weapon_Rifle_A.mat using Guid(5bd349b194141c243b60e9e5918d3fd6) Importer(815301076,1909f56bfc062723c751e8b465ee728b)  -> (artifact id: 'e37d3ed42f7974e075e7ef7186320dad') in 0.172985 seconds
Number of updated asset objects reloaded before import = 0
Number of asset objects unloaded after import = 9
========================================================================
Received Import Request.
  Time since last request: 0.000162 seconds.
  path: Assets/Resources/Model/SciFi_Space_Soldier/Resources/Space_Soldier/Meshes/Anims_RootMotion/Soldier@Rifle_Aiming_Walk_L_RM.FBX
  artifactKey: Guid(bb20ada341177934d8068f487ec46e40) Importer(815301076,1909f56bfc062723c751e8b465ee728b)
Start importing Assets/Resources/Model/SciFi_Space_Soldier/Resources/Space_Soldier/Meshes/Anims_RootMotion/Soldier@Rifle_Aiming_Walk_L_RM.FBX using Guid(bb20ada341177934d8068f487ec46e40) Importer(815301076,1909f56bfc062723c751e8b465ee728b)  -> (artifact id: 'ca5f5677e34456a97defad789e7860c5') in 0.027123 seconds
Number of updated asset objects reloaded before import = 0
Number of asset objects unloaded after import = 87
========================================================================
Received Import Request.
  Time since last request: 0.000051 seconds.
  path: Assets/Resources/Model/SciFi_Space_Soldier/Resources/Space_Soldier/Meshes/Anims_RootMotion/Soldier@Rifle_Aiming_Walk_F_RM.FBX
  artifactKey: Guid(6dc89f2601958ab4897c68dea7836a24) Importer(815301076,1909f56bfc062723c751e8b465ee728b)
Start importing Assets/Resources/Model/SciFi_Space_Soldier/Resources/Space_Soldier/Meshes/Anims_RootMotion/Soldier@Rifle_Aiming_Walk_F_RM.FBX using Guid(6dc89f2601958ab4897c68dea7836a24) Importer(815301076,1909f56bfc062723c751e8b465ee728b)  -> (artifact id: 'a6a038aa24f1ab66bcdc78bec4044137') in 0.005712 seconds
Number of updated asset objects reloaded before import = 0
Number of asset objects unloaded after import = 87
========================================================================
Received Import Request.
  Time since last request: 0.000024 seconds.
  path: Assets/Resources/Model/SciFi_Space_Soldier/Resources/Space_Soldier/Meshes/Anims_RootMotion/Soldier@Rifle_Aiming_Walk_B_RM.FBX
  artifactKey: Guid(982a0ecc9c78b274facf6f28e340a337) Importer(815301076,1909f56bfc062723c751e8b465ee728b)
Start importing Assets/Resources/Model/SciFi_Space_Soldier/Resources/Space_Soldier/Meshes/Anims_RootMotion/Soldier@Rifle_Aiming_Walk_B_RM.FBX using Guid(982a0ecc9c78b274facf6f28e340a337) Importer(815301076,1909f56bfc062723c751e8b465ee728b)  -> (artifact id: 'b8fed6fd890ffc1eb5352a21138e6006') in 0.021531 seconds
Number of updated asset objects reloaded before import = 0
Number of asset objects unloaded after import = 87
========================================================================
Received Import Request.
  Time since last request: 0.000027 seconds.
  path: Assets/Resources/Model/SciFi_Space_Soldier/Resources/Space_Soldier/Meshes/Anims_RootMotion/Soldier@Rifle_Aiming_Walk_R_RM.FBX
  artifactKey: Guid(cef04310032948849959483a0f6d4b3b) Importer(815301076,1909f56bfc062723c751e8b465ee728b)
Start importing Assets/Resources/Model/SciFi_Space_Soldier/Resources/Space_Soldier/Meshes/Anims_RootMotion/Soldier@Rifle_Aiming_Walk_R_RM.FBX using Guid(cef04310032948849959483a0f6d4b3b) Importer(815301076,1909f56bfc062723c751e8b465ee728b)  -> (artifact id: '373a05a59dc6f085b36fb3ea13c39297') in 0.011828 seconds
Number of updated asset objects reloaded before import = 0
Number of asset objects unloaded after import = 87
========================================================================
Received Import Request.
  Time since last request: 0.000027 seconds.
  path: Assets/Resources/Model/SciFi_Space_Soldier/Resources/Space_Soldier/Meshes/Anims_RootMotion/Soldier@Rifle_Run_F_RM.FBX
  artifactKey: Guid(bad676df73c09264cbc0fe9ae8e10d5b) Importer(815301076,1909f56bfc062723c751e8b465ee728b)
Start importing Assets/Resources/Model/SciFi_Space_Soldier/Resources/Space_Soldier/Meshes/Anims_RootMotion/Soldier@Rifle_Run_F_RM.FBX using Guid(bad676df73c09264cbc0fe9ae8e10d5b) Importer(815301076,1909f56bfc062723c751e8b465ee728b)  -> (artifact id: '464e99c7e9f74dbbf8313450a58a452b') in 0.011713 seconds
Number of updated asset objects reloaded before import = 0
Number of asset objects unloaded after import = 107
========================================================================
Received Import Request.
  Time since last request: 0.000019 seconds.
  path: Assets/Resources/Model/SciFi_Space_Soldier/Resources/Weapons/Rifle/Materials/M_Weapon_Rifle_C.mat
  artifactKey: Guid(3d2595c56f4971940887d32a5abace2f) Importer(815301076,1909f56bfc062723c751e8b465ee728b)
Start importing Assets/Resources/Model/SciFi_Space_Soldier/Resources/Weapons/Rifle/Materials/M_Weapon_Rifle_C.mat using Guid(3d2595c56f4971940887d32a5abace2f) Importer(815301076,1909f56bfc062723c751e8b465ee728b)  -> (artifact id: 'dfad8abfb018ce38f16d26a51ad1e460') in 0.053434 seconds
Number of updated asset objects reloaded before import = 0
Number of asset objects unloaded after import = 6
========================================================================
Received Import Request.
  Time since last request: 0.000292 seconds.
  path: Assets/Resources/Model/SciFi_Space_Soldier/Resources/Space_Soldier/Meshes/Anims_Partial/Soldier@Rifle_Reload.FBX
  artifactKey: Guid(9a252a22f2418b543ac5ceb6a5023d7c) Importer(815301076,1909f56bfc062723c751e8b465ee728b)
Start importing Assets/Resources/Model/SciFi_Space_Soldier/Resources/Space_Soldier/Meshes/Anims_Partial/Soldier@Rifle_Reload.FBX using Guid(9a252a22f2418b543ac5ceb6a5023d7c) Importer(815301076,1909f56bfc062723c751e8b465ee728b)  -> (artifact id: '11949be79d47a0668c99d8c4c89b9747') in 0.411742 seconds
Number of updated asset objects reloaded before import = 0
Number of asset objects unloaded after import = 127
========================================================================
Received Import Request.
  Time since last request: 2.126909 seconds.
  path: Assets/Resources/Model/SciFi_Space_Soldier/Resources/Weapons/Rifle/Meshes/Weapon_Rifle_1_LOD1.FBX
  artifactKey: Guid(fb4303299c8780d47a710c146d4246f9) Importer(815301076,1909f56bfc062723c751e8b465ee728b)
Start importing Assets/Resources/Model/SciFi_Space_Soldier/Resources/Weapons/Rifle/Meshes/Weapon_Rifle_1_LOD1.FBX using Guid(fb4303299c8780d47a710c146d4246f9) Importer(815301076,1909f56bfc062723c751e8b465ee728b)  -> (artifact id: '0cfa552f9e2b712e14ce8556050626a6') in 0.074068 seconds
Number of updated asset objects reloaded before import = 0
Number of asset objects unloaded after import = 14
========================================================================
Received Import Request.
  Time since last request: 66.000944 seconds.
  path: Assets/Resources/Model/SciFi_Space_Soldier/Resources/Floor.mat
  artifactKey: Guid(aafa21b2fb64511499b1e39e26a2c97d) Importer(815301076,1909f56bfc062723c751e8b465ee728b)
Start importing Assets/Resources/Model/SciFi_Space_Soldier/Resources/Floor.mat using Guid(aafa21b2fb64511499b1e39e26a2c97d) Importer(815301076,1909f56bfc062723c751e8b465ee728b)  -> (artifact id: 'fe3007ce62c9db059ff888010d0f0504') in 0.023612 seconds
Number of updated asset objects reloaded before import = 0
Number of asset objects unloaded after import = 1
========================================================================
Received Import Request.
  Time since last request: 36.928963 seconds.
  path: Assets/Resources/Model/SciFi_Space_Soldier/Resources/Space_Soldier/Meshes
  artifactKey: Guid(4800cbe46f7a2d04fbacb7126541b993) Importer(815301076,1909f56bfc062723c751e8b465ee728b)
Start importing Assets/Resources/Model/SciFi_Space_Soldier/Resources/Space_Soldier/Meshes using Guid(4800cbe46f7a2d04fbacb7126541b993) Importer(815301076,1909f56bfc062723c751e8b465ee728b)  -> (artifact id: '58ed9200092d07ed75b4335037313a0c') in 0.000565 seconds
Number of updated asset objects reloaded before import = 0
Number of asset objects unloaded after import = 0
========================================================================
Received Import Request.
  Time since last request: 14.288184 seconds.
  path: Assets/Resources/Model/SciFi_Space_Soldier/Resources/Space_Soldier/Meshes/Anims_RootMotion
  artifactKey: Guid(437f34968fa58134d9528877e8da0b98) Importer(815301076,1909f56bfc062723c751e8b465ee728b)
Start importing Assets/Resources/Model/SciFi_Space_Soldier/Resources/Space_Soldier/Meshes/Anims_RootMotion using Guid(437f34968fa58134d9528877e8da0b98) Importer(815301076,1909f56bfc062723c751e8b465ee728b)  -> (artifact id: '48a9d8186220ea5efb0cd30c34fc1550') in 0.001698 seconds
Number of updated asset objects reloaded before import = 0
Number of asset objects unloaded after import = 0
========================================================================
Received Import Request.
  Time since last request: 39.924803 seconds.
  path: Assets/Resources/Model/SciFi_Space_Soldier/Resources/Space_Soldier/Meshes/Anims_Partial/Rifle_Aiming_Shoot.anim
  artifactKey: Guid(2a218a5028bef2d4baa24ed3d8d0d099) Importer(815301076,1909f56bfc062723c751e8b465ee728b)
Start importing Assets/Resources/Model/SciFi_Space_Soldier/Resources/Space_Soldier/Meshes/Anims_Partial/Rifle_Aiming_Shoot.anim using Guid(2a218a5028bef2d4baa24ed3d8d0d099) Importer(815301076,1909f56bfc062723c751e8b465ee728b)  -> (artifact id: '1bda42d0136c32abae2a1071e5dd4966') in 0.008217 seconds
Number of updated asset objects reloaded before import = 0
Number of asset objects unloaded after import = 1
========================================================================
Received Import Request.
  Time since last request: 19.632082 seconds.
  path: Assets/Resources/Model/SciFi_Space_Soldier/Resources/Space_Soldier/Controller&Masks/Soldier_Controller_RootMotion.controller
  artifactKey: Guid(4f177d72549cddd48aad42d447007b7a) Importer(815301076,1909f56bfc062723c751e8b465ee728b)
Start importing Assets/Resources/Model/SciFi_Space_Soldier/Resources/Space_Soldier/Controller&Masks/Soldier_Controller_RootMotion.controller using Guid(4f177d72549cddd48aad42d447007b7a) Importer(815301076,1909f56bfc062723c751e8b465ee728b)  -> (artifact id: '4be8b13b539e083b4c55e37abc6b86b0') in 0.025436 seconds
Number of updated asset objects reloaded before import = 0
Number of asset objects unloaded after import = 45
========================================================================
Received Prepare
Begin MonoManager ReloadAssembly
- Loaded All Assemblies, in  0.548 seconds
Refreshing native plugins compatible for Editor in 2.96 ms, found 3 plugins.
Native extension for UWP target not found
Native extension for WindowsStandalone target not found
Native extension for Android target not found
Native extension for WebGL target not found
[Package Manager] Server::EnsureServerProcessIsRunning -- launch failed, reason: Unity was launched with the -noUpm command-line argument
[Package Manager] UpmClient::Send -- Unable to send message (not connected to UPM process).
[Package Manager] Cannot connect to Unity Package Manager local server
Mono: successfully reloaded assembly
- Finished resetting the current domain, in  1.469 seconds
Domain Reload Profiling: 2014ms
	BeginReloadAssembly (227ms)
		ExecutionOrderSort (0ms)
		DisableScriptedObjects (8ms)
		BackupInstance (0ms)
		ReleaseScriptingObjects (0ms)
		CreateAndSetChildDomain (62ms)
	RebuildCommonClasses (38ms)
	RebuildNativeTypeToScriptingClass (11ms)
	initialDomainReloadingComplete (33ms)
	LoadAllAssembliesAndSetupDomain (236ms)
		LoadAssemblies (337ms)
		RebuildTransferFunctionScriptingTraits (0ms)
		AnalyzeDomain (14ms)
			TypeCache.Refresh (6ms)
				TypeCache.ScanAssembly (0ms)
			ScanForSourceGeneratedMonoScriptInfo (0ms)
			ResolveRequiredComponents (6ms)
	FinalizeReload (1469ms)
		ReleaseScriptCaches (0ms)
		RebuildScriptCaches (0ms)
		SetupLoadedEditorAssemblies (671ms)
			LogAssemblyErrors (0ms)
			InitializePlatformSupportModulesInManaged (61ms)
			SetLoadedEditorAssemblies (7ms)
			RefreshPlugins (0ms)
			BeforeProcessingInitializeOnLoad (92ms)
			ProcessInitializeOnLoadAttributes (477ms)
			ProcessInitializeOnLoadMethodAttributes (26ms)
			AfterProcessingInitializeOnLoad (8ms)
			EditorAssembliesLoaded (0ms)
		ExecutionOrderSort2 (0ms)
		AwakeInstancesAfterBackupRestoration (9ms)

=================================================================
	Native Crash Reporting
=================================================================
Got a UNKNOWN while executing native code. This usually indicates
a fatal error in the mono runtime or one of the native libraries 
used by your application.
=================================================================

=================================================================
	Managed Stacktrace:
=================================================================
=================================================================
Received signal SIGSEGV
Obtained 0 stack frames

